<?xml version="1.0" encoding="UTF-8"?>
<!-- Generated by org.testng.reporters.JUnitReportReporter -->
<testsuite skipped="0" hostname="LAPTOP-AC6UL8N4" name="hotelbooking.HotelBookingTestCases" tests="3" failures="0" timestamp="2022-07-07T11:02:22 IST" time="20.922" errors="0">
  <testcase name="verifyCreateBooking" time="7.101" classname="hotelbooking.HotelBookingTestCases"/>
  <system-out/>
  <testcase name="updateCreatedBooking" time="6.216" classname="hotelbooking.HotelBookingTestCases"/>
  <system-out/>
  <testcase name="deleteCreatedBooking" time="7.605" classname="hotelbooking.HotelBookingTestCases"/>
  <system-out/>
</testsuite> <!-- hotelbooking.HotelBookingTestCases -->
